[ 2014-09-29T15:02:48+08:00 ] /zj906/ | INFO: Tag[ app_begin ] --START--
[ 2014-09-29T15:02:49+08:00 ] /zj906/ | INFO: Run ReadHtmlCache Behavior [ RunTime:0.003111s ]
[ 2014-09-29T15:02:49+08:00 ] /zj906/ | INFO: Tag[ app_begin ] --END-- [ RunTime:0.003278s ]
[ 2014-09-29T15:02:49+08:00 ] /zj906/ | NOTIC: [8] Undefined variable: post CommonAction.class.php 第 152 行.
[ 2014-09-29T15:02:49+08:00 ] /zj906/ | NOTIC: [2] Invalid argument supplied for foreach() CommonAction.class.php 第 152 行.
[ 2014-09-29T15:02:49+08:00 ] /zj906/ | NOTIC: [8] Undefined variable: get CommonAction.class.php 第 159 行.
[ 2014-09-29T15:02:49+08:00 ] /zj906/ | NOTIC: [2] Invalid argument supplied for foreach() CommonAction.class.php 第 159 行.
[ 2014-09-29T15:02:49+08:00 ] /zj906/ | NOTIC: [2048] mktime() [<a href='function.mktime'>function.mktime</a>]: You should be using the time() function instead CommonAction.class.php 第 105 行.
[ 2014-09-29T15:02:49+08:00 ] /zj906/ | NOTIC: [2048] mktime() [<a href='function.mktime'>function.mktime</a>]: You should be using the time() function instead CommonAction.class.php 第 110 行.
[ 2014-09-29T15:02:49+08:00 ] /zj906/ | SQL: SHOW COLUMNS FROM `xt_fck` [ RunTime:0.091745s ]
[ 2014-09-29T15:02:49+08:00 ] /zj906/ | SQL: SELECT `user_id`,`password`,`user_type` FROM `xt_fck` WHERE ( `id` = '1' ) AND ( `user_id` = '100000' ) LIMIT 1   [ RunTime:0.001517s ]
[ 2014-09-29T15:02:49+08:00 ] /zj906/ | SQL: SHOW COLUMNS FROM `xt_fee` [ RunTime:0.069817s ]
[ 2014-09-29T15:02:49+08:00 ] /zj906/ | SQL: SELECT `i3` FROM `xt_fee` WHERE ( `id` = 1 ) LIMIT 1   [ RunTime:0.000945s ]
[ 2014-09-29T15:02:49+08:00 ] /zj906/ | NOTIC: [8] Undefined index: user_type CommonAction.class.php 第 81 行.
[ 2014-09-29T15:02:49+08:00 ] /zj906/ | SQL: SHOW COLUMNS FROM `xt_fck` [ RunTime:0.007584s ]
[ 2014-09-29T15:02:49+08:00 ] /zj906/ | SQL: SELECT * FROM `xt_fck` WHERE ( `id` = '1' ) LIMIT 1   [ RunTime:0.000861s ]
[ 2014-09-29T15:02:49+08:00 ] /zj906/ | SQL: SELECT * FROM `xt_fee` WHERE ( `id` = 1 ) LIMIT 1   [ RunTime:0.000325s ]
[ 2014-09-29T15:02:49+08:00 ] /zj906/ | NOTIC: [8] Undefined offset: 1 CommonAction.class.php 第 175 行.
[ 2014-09-29T15:02:49+08:00 ] /zj906/ | NOTIC: [8] Undefined offset: 2 CommonAction.class.php 第 176 行.
[ 2014-09-29T15:02:49+08:00 ] /zj906/ | NOTIC: [8] Undefined offset: 3 CommonAction.class.php 第 177 行.
[ 2014-09-29T15:02:49+08:00 ] /zj906/ | SQL: UPDATE `xt_fck` SET `day_feng`=0,_times=1411920000 WHERE _times !=1411920000 [ RunTime:0.000317s ]
[ 2014-09-29T15:02:49+08:00 ] /zj906/ | NOTIC: [2] mysql_num_rows() expects parameter 1 to be resource, boolean given DbMysql.class.php 第 132 行.
[ 2014-09-29T15:02:49+08:00 ] /zj906/ | NOTIC: [2] mysql_free_result() expects parameter 1 to be resource, boolean given DbMysql.class.php 第 97 行.
[ 2014-09-29T15:02:49+08:00 ] /zj906/ | SQL: SHOW COLUMNS FROM `xt_bonus` [ RunTime:0.022850s ]
[ 2014-09-29T15:02:49+08:00 ] /zj906/ | NOTIC: [2] trim() expects parameter 1 to be string, array given Db.class.php 第 549 行.
[ 2014-09-29T15:02:49+08:00 ] /zj906/ | SQL: SELECT SUM(b1) AS tp_sum FROM `xt_bonus` WHERE ( `uid` = '1' ) AND ( (`e_date` > 1411920000) AND (`e_date` < 1412006400)  ) LIMIT 1   [ RunTime:0.010369s ]
[ 2014-09-29T15:02:49+08:00 ] /zj906/ | NOTIC: [2] trim() expects parameter 1 to be string, array given Db.class.php 第 549 行.
[ 2014-09-29T15:02:49+08:00 ] /zj906/ | SQL: SELECT SUM(b2) AS tp_sum FROM `xt_bonus` WHERE ( `uid` = '1' ) AND ( (`e_date` > 1411920000) AND (`e_date` < 1412006400)  ) LIMIT 1   [ RunTime:0.000359s ]
[ 2014-09-29T15:02:49+08:00 ] /zj906/ | NOTIC: [2] trim() expects parameter 1 to be string, array given Db.class.php 第 549 行.
[ 2014-09-29T15:02:49+08:00 ] /zj906/ | SQL: SELECT SUM(b3) AS tp_sum FROM `xt_bonus` WHERE ( `uid` = '1' ) AND ( (`e_date` > 1411920000) AND (`e_date` < 1412006400)  ) LIMIT 1   [ RunTime:0.000210s ]
[ 2014-09-29T15:02:49+08:00 ] /zj906/ | NOTIC: [2] trim() expects parameter 1 to be string, array given Db.class.php 第 549 行.
[ 2014-09-29T15:02:49+08:00 ] /zj906/ | SQL: SELECT SUM(b4) AS tp_sum FROM `xt_bonus` WHERE ( `uid` = '1' ) AND ( (`e_date` > 1411920000) AND (`e_date` < 1412006400)  ) LIMIT 1   [ RunTime:0.000222s ]
[ 2014-09-29T15:02:49+08:00 ] /zj906/ | NOTIC: [2] trim() expects parameter 1 to be string, array given Db.class.php 第 549 行.
[ 2014-09-29T15:02:49+08:00 ] /zj906/ | SQL: SELECT SUM(b5) AS tp_sum FROM `xt_bonus` WHERE ( `uid` = '1' ) AND ( (`e_date` > 1411920000) AND (`e_date` < 1412006400)  ) LIMIT 1   [ RunTime:0.000329s ]
[ 2014-09-29T15:02:49+08:00 ] /zj906/ | NOTIC: [2] trim() expects parameter 1 to be string, array given Db.class.php 第 549 行.
[ 2014-09-29T15:02:49+08:00 ] /zj906/ | SQL: SELECT SUM(b6) AS tp_sum FROM `xt_bonus` WHERE ( `uid` = '1' ) AND ( (`e_date` > 1411920000) AND (`e_date` < 1412006400)  ) LIMIT 1   [ RunTime:0.000206s ]
[ 2014-09-29T15:02:49+08:00 ] /zj906/ | SQL: SELECT `s2`,`i4`,`str29` FROM `xt_fee` LIMIT 1   [ RunTime:0.000177s ]
[ 2014-09-29T15:02:49+08:00 ] /zj906/ | SQL: SHOW COLUMNS FROM `xt_msg` [ RunTime:0.024972s ]
[ 2014-09-29T15:02:49+08:00 ] /zj906/ | SQL: SELECT COUNT(*) AS tp_count FROM `xt_msg` WHERE ( `isid` = '1' ) AND ( `s_uid` = '1' ) AND ( `is_read` = 0 ) LIMIT 1   [ RunTime:0.000290s ]
[ 2014-09-29T15:02:49+08:00 ] /zj906/ | SQL: SELECT `prem` FROM `xt_fck` WHERE ( `id` = '1' ) LIMIT 1   [ RunTime:0.000265s ]
[ 2014-09-29T15:02:49+08:00 ] /zj906/ | SQL: SELECT * FROM `xt_fee` WHERE ( `id` = 1 ) LIMIT 1   [ RunTime:0.000313s ]
[ 2014-09-29T15:02:49+08:00 ] /zj906/ | NOTIC: [8] Undefined offset: 1 CommonAction.class.php 第 175 行.
[ 2014-09-29T15:02:49+08:00 ] /zj906/ | NOTIC: [8] Undefined offset: 2 CommonAction.class.php 第 176 行.
[ 2014-09-29T15:02:49+08:00 ] /zj906/ | NOTIC: [8] Undefined offset: 3 CommonAction.class.php 第 177 行.
[ 2014-09-29T15:02:49+08:00 ] /zj906/ | SQL: SELECT `s11` FROM `xt_fee` LIMIT 1   [ RunTime:0.000179s ]
[ 2014-09-29T15:02:49+08:00 ] /zj906/ | SQL: SHOW COLUMNS FROM `xt_fck` [ RunTime:0.007163s ]
[ 2014-09-29T15:02:49+08:00 ] /zj906/ | SQL: SHOW COLUMNS FROM `xt_xiaof` [ RunTime:0.045582s ]
[ 2014-09-29T15:02:49+08:00 ] /zj906/ | SQL: SELECT `id`,`user_id`,`agent_cf`,`re_path` FROM `xt_fck` WHERE is_pay>0 and agent_cf>=10  [ RunTime:0.000484s ]
[ 2014-09-29T15:02:49+08:00 ] /zj906/ | NOTIC: [2] Invalid argument supplied for foreach() IndexAction.class.php 第 145 行.
[ 2014-09-29T15:02:49+08:00 ] /zj906/ | INFO: Tag[ view_template ] --START--
[ 2014-09-29T15:02:49+08:00 ] /zj906/ | INFO: Run LocationTemplate Behavior [ RunTime:0.033472s ]
[ 2014-09-29T15:02:49+08:00 ] /zj906/ | INFO: Tag[ view_template ] --END-- [ RunTime:0.033641s ]
[ 2014-09-29T15:02:49+08:00 ] /zj906/ | INFO: Tag[ view_parse ] --START--
[ 2014-09-29T15:02:49+08:00 ] /zj906/ | INFO: Run ParseTemplate Behavior [ RunTime:0.066620s ]
[ 2014-09-29T15:02:49+08:00 ] /zj906/ | INFO: Tag[ view_parse ] --END-- [ RunTime:0.066757s ]
[ 2014-09-29T15:02:49+08:00 ] /zj906/ | INFO: Tag[ view_filter ] --START--
[ 2014-09-29T15:02:49+08:00 ] /zj906/ | INFO: Run ContentReplace Behavior [ RunTime:0.001474s ]
[ 2014-09-29T15:02:49+08:00 ] /zj906/ | INFO: Run TokenBuild Behavior [ RunTime:0.015316s ]
[ 2014-09-29T15:02:49+08:00 ] /zj906/ | INFO: Run WriteHtmlCache Behavior [ RunTime:0.001208s ]
[ 2014-09-29T15:02:49+08:00 ] /zj906/ | INFO: Run ShowRuntime Behavior [ RunTime:0.001480s ]
[ 2014-09-29T15:02:49+08:00 ] /zj906/ | INFO: Tag[ view_filter ] --END-- [ RunTime:0.019749s ]
[ 2014-09-29T15:02:49+08:00 ] /zj906/ | INFO: Tag[ view_end ] --START--
[ 2014-09-29T15:02:49+08:00 ] /zj906/ | INFO: Run ShowPageTrace Behavior [ RunTime:0.001156s ]
[ 2014-09-29T15:02:49+08:00 ] /zj906/ | INFO: Tag[ view_end ] --END-- [ RunTime:0.001238s ]
[ 2014-09-29T15:02:49+08:00 ] /zj906/index.php/Public/main | INFO: Tag[ route_check ] --START--
[ 2014-09-29T15:02:49+08:00 ] /zj906/index.php/Public/main | INFO: Run CheckRoute Behavior [ RunTime:0.011317s ]
[ 2014-09-29T15:02:49+08:00 ] /zj906/index.php/Public/main | INFO: Tag[ route_check ] --END-- [ RunTime:0.011426s ]
[ 2014-09-29T15:02:49+08:00 ] /zj906/index.php/Public/main | INFO: Tag[ app_begin ] --START--
[ 2014-09-29T15:02:49+08:00 ] /zj906/index.php/Public/main | INFO: Run ReadHtmlCache Behavior [ RunTime:0.000818s ]
[ 2014-09-29T15:02:49+08:00 ] /zj906/index.php/Public/main | INFO: Tag[ app_begin ] --END-- [ RunTime:0.000901s ]
[ 2014-09-29T15:02:49+08:00 ] /zj906/index.php/Public/main | NOTIC: [8] Undefined variable: post CommonAction.class.php 第 152 行.
[ 2014-09-29T15:02:49+08:00 ] /zj906/index.php/Public/main | NOTIC: [2] Invalid argument supplied for foreach() CommonAction.class.php 第 152 行.
[ 2014-09-29T15:02:49+08:00 ] /zj906/index.php/Public/main | NOTIC: [8192] Function eregi() is deprecated CommonAction.class.php 第 160 行.
[ 2014-09-29T15:02:49+08:00 ] /zj906/index.php/Public/main | NOTIC: [2] eregi() expects parameter 2 to be string, array given CommonAction.class.php 第 160 行.
[ 2014-09-29T15:02:49+08:00 ] /zj906/index.php/Public/main | NOTIC: [2048] mktime() [<a href='function.mktime'>function.mktime</a>]: You should be using the time() function instead CommonAction.class.php 第 105 行.
[ 2014-09-29T15:02:49+08:00 ] /zj906/index.php/Public/main | NOTIC: [2048] mktime() [<a href='function.mktime'>function.mktime</a>]: You should be using the time() function instead CommonAction.class.php 第 110 行.
[ 2014-09-29T15:02:49+08:00 ] /zj906/index.php/Public/main | SQL: SHOW COLUMNS FROM `xt_fck` [ RunTime:0.007557s ]
[ 2014-09-29T15:02:49+08:00 ] /zj906/index.php/Public/main | SQL: SELECT `user_id`,`password`,`user_type` FROM `xt_fck` WHERE ( `id` = '1' ) AND ( `user_id` = '100000' ) LIMIT 1   [ RunTime:0.000338s ]
[ 2014-09-29T15:02:49+08:00 ] /zj906/index.php/Public/main | SQL: SHOW COLUMNS FROM `xt_fee` [ RunTime:0.005445s ]
[ 2014-09-29T15:02:49+08:00 ] /zj906/index.php/Public/main | SQL: SELECT `i3` FROM `xt_fee` WHERE ( `id` = 1 ) LIMIT 1   [ RunTime:0.000302s ]
[ 2014-09-29T15:02:49+08:00 ] /zj906/index.php/Public/main | NOTIC: [8] Undefined index: user_type CommonAction.class.php 第 81 行.
[ 2014-09-29T15:02:49+08:00 ] /zj906/index.php/Public/main | SQL: SHOW COLUMNS FROM `xt_bonus` [ RunTime:0.004852s ]
[ 2014-09-29T15:02:49+08:00 ] /zj906/index.php/Public/main | SQL: SELECT * FROM `xt_bonus` WHERE ( `uid` = '1' ) ORDER BY id desc LIMIT 10   [ RunTime:0.000383s ]
[ 2014-09-29T15:02:49+08:00 ] /zj906/index.php/Public/main | SQL: SHOW COLUMNS FROM `xt_form` [ RunTime:0.027103s ]
[ 2014-09-29T15:02:49+08:00 ] /zj906/index.php/Public/main | SQL: SELECT * FROM `xt_form` WHERE ( `status` = 1 ) ORDER BY baile desc,id desc LIMIT 1   [ RunTime:0.000731s ]
[ 2014-09-29T15:02:49+08:00 ] /zj906/index.php/Public/main | SQL: SELECT * FROM `xt_form` WHERE ( `status` = 1 ) ORDER BY baile desc,id desc LIMIT 1,10   [ RunTime:0.000238s ]
[ 2014-09-29T15:02:49+08:00 ] /zj906/index.php/Public/main | SQL: SHOW COLUMNS FROM `xt_product` [ RunTime:0.040616s ]
[ 2014-09-29T15:02:49+08:00 ] /zj906/index.php/Public/main | SQL: SELECT * FROM `xt_product` WHERE ( `yc_cp` = 0 ) ORDER BY id asc LIMIT 12   [ RunTime:0.000368s ]
[ 2014-09-29T15:02:49+08:00 ] /zj906/index.php/Public/main | SQL: SELECT COUNT(*) AS tp_count FROM `xt_fck` WHERE ( `re_id` = '1' ) AND ( `is_pay` = 1 ) LIMIT 1   [ RunTime:0.000226s ]
[ 2014-09-29T15:02:49+08:00 ] /zj906/index.php/Public/main | SQL: SHOW COLUMNS FROM `xt_msg` [ RunTime:0.004674s ]
[ 2014-09-29T15:02:49+08:00 ] /zj906/index.php/Public/main | SQL: SELECT COUNT(*) AS tp_count FROM `xt_msg` WHERE ( `isid` = '1' ) AND ( `s_uid` = '1' ) AND ( `is_read` = 0 ) LIMIT 1   [ RunTime:0.000242s ]
[ 2014-09-29T15:02:49+08:00 ] /zj906/index.php/Public/main | SQL: SELECT * FROM `xt_fck` WHERE id=1 LIMIT 1   [ RunTime:0.000476s ]
[ 2014-09-29T15:02:49+08:00 ] /zj906/index.php/Public/main | SQL: SELECT COUNT(*) AS tp_count FROM `xt_fck` WHERE p_path like "%,1,%" and is_pay>0 LIMIT 1   [ RunTime:0.000237s ]
[ 2014-09-29T15:02:49+08:00 ] /zj906/index.php/Public/main | SQL: SELECT SUM(f4) AS tp_sum FROM `xt_fck` WHERE re_id=1 and is_pay>0 LIMIT 1   [ RunTime:0.000187s ]
[ 2014-09-29T15:02:49+08:00 ] /zj906/index.php/Public/main | SQL: SELECT SUM(f4) AS tp_sum FROM `xt_fck` WHERE p_path like "%,1,%" and is_pay>0 LIMIT 1   [ RunTime:0.000201s ]
[ 2014-09-29T15:02:49+08:00 ] /zj906/index.php/Public/main | SQL: SHOW COLUMNS FROM `xt_xiaof` [ RunTime:0.004831s ]
[ 2014-09-29T15:02:49+08:00 ] /zj906/index.php/Public/main | SQL: SELECT SUM(money_two) AS tp_sum FROM `xt_xiaof` WHERE uid=1 and is_pay=0 and money_two>0 LIMIT 1   [ RunTime:0.000290s ]
[ 2014-09-29T15:02:49+08:00 ] /zj906/index.php/Public/main | SQL: SELECT SUM(money) AS tp_sum FROM `xt_xiaof` WHERE uid=1 and is_pay=0 and money>0 LIMIT 1   [ RunTime:0.000191s ]
[ 2014-09-29T15:02:49+08:00 ] /zj906/index.php/Public/main | SQL: SELECT `str21`,`str22`,`str23` FROM `xt_fee` LIMIT 1   [ RunTime:0.000242s ]
[ 2014-09-29T15:02:49+08:00 ] /zj906/index.php/Public/main | SQL: SELECT * FROM `xt_form` WHERE ( `status` = 1 ) ORDER BY baile desc,id desc LIMIT 10   [ RunTime:0.000360s ]
[ 2014-09-29T15:02:49+08:00 ] /zj906/index.php/Public/main | SQL: SELECT * FROM `xt_form` WHERE ( `status` = 1 ) ORDER BY baile desc,id desc LIMIT 3   [ RunTime:0.000339s ]
[ 2014-09-29T15:02:49+08:00 ] /zj906/index.php/Public/main | INFO: Tag[ view_template ] --START--
[ 2014-09-29T15:02:49+08:00 ] /zj906/index.php/Public/main | INFO: Run LocationTemplate Behavior [ RunTime:0.011183s ]
[ 2014-09-29T15:02:49+08:00 ] /zj906/index.php/Public/main | INFO: Tag[ view_template ] --END-- [ RunTime:0.011281s ]
[ 2014-09-29T15:02:49+08:00 ] /zj906/index.php/Public/main | INFO: Tag[ view_parse ] --START--
[ 2014-09-29T15:02:50+08:00 ] /zj906/index.php/Public/main | SQL: SELECT * FROM `xt_fck` WHERE user_id='100000' LIMIT 1   [ RunTime:0.000747s ]
[ 2014-09-29T15:02:50+08:00 ] /zj906/index.php/Public/main | NOTIC: [8] Undefined index: agent_xianjin df847308fbeec079fead8f934f8fb1d9.php 第 73 行.
[ 2014-09-29T15:02:50+08:00 ] /zj906/index.php/Public/main | NOTIC: [8] Undefined index: live_gupiao df847308fbeec079fead8f934f8fb1d9.php 第 76 行.
[ 2014-09-29T15:02:50+08:00 ] /zj906/index.php/Public/main | NOTIC: [8] Undefined index: yuan_gupiao df847308fbeec079fead8f934f8fb1d9.php 第 79 行.
[ 2014-09-29T15:02:50+08:00 ] /zj906/index.php/Public/main | NOTIC: [8] Undefined variable: voo df847308fbeec079fead8f934f8fb1d9.php 第 156 行.
[ 2014-09-29T15:02:50+08:00 ] /zj906/index.php/Public/main | NOTIC: [8] Undefined variable: all_money df847308fbeec079fead8f934f8fb1d9.php 第 170 行.
[ 2014-09-29T15:02:50+08:00 ] /zj906/index.php/Public/main | NOTIC: [8] Undefined variable: server df847308fbeec079fead8f934f8fb1d9.php 第 174 行.
[ 2014-09-29T15:02:50+08:00 ] /zj906/index.php/Public/main | NOTIC: [8] Undefined variable: server df847308fbeec079fead8f934f8fb1d9.php 第 174 行.
[ 2014-09-29T15:02:50+08:00 ] /zj906/index.php/Public/main | INFO: Run ParseTemplate Behavior [ RunTime:0.049577s ]
[ 2014-09-29T15:02:50+08:00 ] /zj906/index.php/Public/main | INFO: Tag[ view_parse ] --END-- [ RunTime:0.049652s ]
[ 2014-09-29T15:02:50+08:00 ] /zj906/index.php/Public/main | INFO: Tag[ view_filter ] --START--
[ 2014-09-29T15:02:50+08:00 ] /zj906/index.php/Public/main | INFO: Run ContentReplace Behavior [ RunTime:0.000846s ]
[ 2014-09-29T15:02:50+08:00 ] /zj906/index.php/Public/main | INFO: Run TokenBuild Behavior [ RunTime:0.000663s ]
[ 2014-09-29T15:02:50+08:00 ] /zj906/index.php/Public/main | INFO: Run WriteHtmlCache Behavior [ RunTime:0.000465s ]
[ 2014-09-29T15:02:50+08:00 ] /zj906/index.php/Public/main | INFO: Run ShowRuntime Behavior [ RunTime:0.000678s ]
[ 2014-09-29T15:02:50+08:00 ] /zj906/index.php/Public/main | INFO: Tag[ view_filter ] --END-- [ RunTime:0.002878s ]
[ 2014-09-29T15:02:50+08:00 ] /zj906/index.php/Public/main | INFO: Tag[ view_end ] --START--
[ 2014-09-29T15:02:50+08:00 ] /zj906/index.php/Public/main | INFO: Run ShowPageTrace Behavior [ RunTime:0.000631s ]
[ 2014-09-29T15:02:50+08:00 ] /zj906/index.php/Public/main | INFO: Tag[ view_end ] --END-- [ RunTime:0.000712s ]
[ 2014-09-29T15:04:14+08:00 ] /zj906/index.php/YouZi/codys/Urlsz/9 | INFO: Tag[ route_check ] --START--
[ 2014-09-29T15:04:14+08:00 ] /zj906/index.php/YouZi/codys/Urlsz/9 | INFO: Run CheckRoute Behavior [ RunTime:0.001072s ]
[ 2014-09-29T15:04:14+08:00 ] /zj906/index.php/YouZi/codys/Urlsz/9 | INFO: Tag[ route_check ] --END-- [ RunTime:0.001173s ]
[ 2014-09-29T15:04:14+08:00 ] /zj906/index.php/YouZi/codys/Urlsz/9 | INFO: Tag[ app_begin ] --START--
[ 2014-09-29T15:04:14+08:00 ] /zj906/index.php/YouZi/codys/Urlsz/9 | INFO: Run ReadHtmlCache Behavior [ RunTime:0.000804s ]
[ 2014-09-29T15:04:14+08:00 ] /zj906/index.php/YouZi/codys/Urlsz/9 | INFO: Tag[ app_begin ] --END-- [ RunTime:0.000892s ]
[ 2014-09-29T15:04:14+08:00 ] /zj906/index.php/YouZi/codys/Urlsz/9 | NOTIC: [2048] mktime() [<a href='function.mktime'>function.mktime</a>]: You should be using the time() function instead CommonAction.class.php 第 105 行.
[ 2014-09-29T15:04:14+08:00 ] /zj906/index.php/YouZi/codys/Urlsz/9 | NOTIC: [2048] mktime() [<a href='function.mktime'>function.mktime</a>]: You should be using the time() function instead CommonAction.class.php 第 110 行.
[ 2014-09-29T15:04:14+08:00 ] /zj906/index.php/YouZi/codys/Urlsz/9 | SQL: SHOW COLUMNS FROM `xt_fck` [ RunTime:0.008870s ]
[ 2014-09-29T15:04:14+08:00 ] /zj906/index.php/YouZi/codys/Urlsz/9 | SQL: SELECT `user_id`,`password`,`user_type` FROM `xt_fck` WHERE ( `id` = '1' ) AND ( `user_id` = '100000' ) LIMIT 1   [ RunTime:0.001402s ]
[ 2014-09-29T15:04:14+08:00 ] /zj906/index.php/YouZi/codys/Urlsz/9 | SQL: SHOW COLUMNS FROM `xt_fee` [ RunTime:0.006820s ]
[ 2014-09-29T15:04:14+08:00 ] /zj906/index.php/YouZi/codys/Urlsz/9 | SQL: SELECT `i3` FROM `xt_fee` WHERE ( `id` = 1 ) LIMIT 1   [ RunTime:0.000400s ]
[ 2014-09-29T15:04:14+08:00 ] /zj906/index.php/YouZi/codys/Urlsz/9 | NOTIC: [8] Undefined index: user_type CommonAction.class.php 第 81 行.
[ 2014-09-29T15:04:14+08:00 ] /zj906/index.php/YouZi/codys/Urlsz/9 | SQL: SELECT `id`,`user_id` FROM `xt_fck` WHERE ( `id` = '1' ) AND ( `is_boss` > 0 ) LIMIT 1   [ RunTime:0.000404s ]
[ 2014-09-29T15:04:14+08:00 ] /zj906/index.php/YouZi/codys/Urlsz/9 | NOTIC: [8] Undefined index: Urlsz YouZiAction.class.php 第 39 行.
[ 2014-09-29T15:04:14+08:00 ] /zj906/index.php/YouZi/delTable | INFO: Tag[ route_check ] --START--
[ 2014-09-29T15:04:14+08:00 ] /zj906/index.php/YouZi/delTable | INFO: Run CheckRoute Behavior [ RunTime:0.000907s ]
[ 2014-09-29T15:04:14+08:00 ] /zj906/index.php/YouZi/delTable | INFO: Tag[ route_check ] --END-- [ RunTime:0.001029s ]
[ 2014-09-29T15:04:14+08:00 ] /zj906/index.php/YouZi/delTable | INFO: Tag[ app_begin ] --START--
[ 2014-09-29T15:04:14+08:00 ] /zj906/index.php/YouZi/delTable | INFO: Run ReadHtmlCache Behavior [ RunTime:0.000749s ]
[ 2014-09-29T15:04:14+08:00 ] /zj906/index.php/YouZi/delTable | INFO: Tag[ app_begin ] --END-- [ RunTime:0.000828s ]
[ 2014-09-29T15:04:14+08:00 ] /zj906/index.php/YouZi/delTable | NOTIC: [2048] mktime() [<a href='function.mktime'>function.mktime</a>]: You should be using the time() function instead CommonAction.class.php 第 105 行.
[ 2014-09-29T15:04:14+08:00 ] /zj906/index.php/YouZi/delTable | NOTIC: [2048] mktime() [<a href='function.mktime'>function.mktime</a>]: You should be using the time() function instead CommonAction.class.php 第 110 行.
[ 2014-09-29T15:04:14+08:00 ] /zj906/index.php/YouZi/delTable | SQL: SHOW COLUMNS FROM `xt_fck` [ RunTime:0.008613s ]
[ 2014-09-29T15:04:14+08:00 ] /zj906/index.php/YouZi/delTable | SQL: SELECT `user_id`,`password`,`user_type` FROM `xt_fck` WHERE ( `id` = '1' ) AND ( `user_id` = '100000' ) LIMIT 1   [ RunTime:0.000301s ]
[ 2014-09-29T15:04:14+08:00 ] /zj906/index.php/YouZi/delTable | SQL: SHOW COLUMNS FROM `xt_fee` [ RunTime:0.005477s ]
[ 2014-09-29T15:04:14+08:00 ] /zj906/index.php/YouZi/delTable | SQL: SELECT `i3` FROM `xt_fee` WHERE ( `id` = 1 ) LIMIT 1   [ RunTime:0.000232s ]
[ 2014-09-29T15:04:14+08:00 ] /zj906/index.php/YouZi/delTable | NOTIC: [8] Undefined index: user_type CommonAction.class.php 第 81 行.
[ 2014-09-29T15:04:14+08:00 ] /zj906/index.php/YouZi/delTable | SQL: SELECT `id`,`user_id` FROM `xt_fck` WHERE ( `id` = '1' ) AND ( `is_boss` > 0 ) LIMIT 1   [ RunTime:0.000196s ]
[ 2014-09-29T15:04:14+08:00 ] /zj906/index.php/YouZi/delTable | INFO: Tag[ view_template ] --START--
[ 2014-09-29T15:04:14+08:00 ] /zj906/index.php/YouZi/delTable | INFO: Run LocationTemplate Behavior [ RunTime:0.021987s ]
[ 2014-09-29T15:04:14+08:00 ] /zj906/index.php/YouZi/delTable | INFO: Tag[ view_template ] --END-- [ RunTime:0.022089s ]
[ 2014-09-29T15:04:14+08:00 ] /zj906/index.php/YouZi/delTable | INFO: Tag[ view_parse ] --START--
[ 2014-09-29T15:04:14+08:00 ] /zj906/index.php/YouZi/delTable | INFO: Run ParseTemplate Behavior [ RunTime:0.020863s ]
[ 2014-09-29T15:04:14+08:00 ] /zj906/index.php/YouZi/delTable | INFO: Tag[ view_parse ] --END-- [ RunTime:0.020965s ]
[ 2014-09-29T15:04:14+08:00 ] /zj906/index.php/YouZi/delTable | INFO: Tag[ view_filter ] --START--
[ 2014-09-29T15:04:14+08:00 ] /zj906/index.php/YouZi/delTable | INFO: Run ContentReplace Behavior [ RunTime:0.000567s ]
[ 2014-09-29T15:04:14+08:00 ] /zj906/index.php/YouZi/delTable | INFO: Run TokenBuild Behavior [ RunTime:0.000611s ]
[ 2014-09-29T15:04:14+08:00 ] /zj906/index.php/YouZi/delTable | INFO: Run WriteHtmlCache Behavior [ RunTime:0.000436s ]
[ 2014-09-29T15:04:14+08:00 ] /zj906/index.php/YouZi/delTable | INFO: Run ShowRuntime Behavior [ RunTime:0.000751s ]
[ 2014-09-29T15:04:14+08:00 ] /zj906/index.php/YouZi/delTable | INFO: Tag[ view_filter ] --END-- [ RunTime:0.002612s ]
[ 2014-09-29T15:04:14+08:00 ] /zj906/index.php/YouZi/delTable | INFO: Tag[ view_end ] --START--
[ 2014-09-29T15:04:14+08:00 ] /zj906/index.php/YouZi/delTable | INFO: Run ShowPageTrace Behavior [ RunTime:0.000760s ]
[ 2014-09-29T15:04:14+08:00 ] /zj906/index.php/YouZi/delTable | INFO: Tag[ view_end ] --END-- [ RunTime:0.000857s ]
[ 2014-09-29T15:08:42+08:00 ] /zj906/index.php/ | INFO: Tag[ route_check ] --START--
[ 2014-09-29T15:08:42+08:00 ] /zj906/index.php/ | INFO: Run CheckRoute Behavior [ RunTime:0.001138s ]
[ 2014-09-29T15:08:42+08:00 ] /zj906/index.php/ | INFO: Tag[ route_check ] --END-- [ RunTime:0.001254s ]
[ 2014-09-29T15:08:42+08:00 ] /zj906/index.php/ | INFO: Tag[ app_begin ] --START--
[ 2014-09-29T15:08:42+08:00 ] /zj906/index.php/ | INFO: Run ReadHtmlCache Behavior [ RunTime:0.000839s ]
[ 2014-09-29T15:08:42+08:00 ] /zj906/index.php/ | INFO: Tag[ app_begin ] --END-- [ RunTime:0.000927s ]
[ 2014-09-29T15:08:42+08:00 ] /zj906/index.php/ | NOTIC: [8] Undefined variable: post CommonAction.class.php 第 152 行.
[ 2014-09-29T15:08:42+08:00 ] /zj906/index.php/ | NOTIC: [2] Invalid argument supplied for foreach() CommonAction.class.php 第 152 行.
[ 2014-09-29T15:08:42+08:00 ] /zj906/index.php/ | NOTIC: [8] Undefined variable: get CommonAction.class.php 第 159 行.
[ 2014-09-29T15:08:42+08:00 ] /zj906/index.php/ | NOTIC: [2] Invalid argument supplied for foreach() CommonAction.class.php 第 159 行.
[ 2014-09-29T15:08:42+08:00 ] /zj906/index.php/ | NOTIC: [2048] mktime() [<a href='function.mktime'>function.mktime</a>]: You should be using the time() function instead CommonAction.class.php 第 105 行.
[ 2014-09-29T15:08:42+08:00 ] /zj906/index.php/ | NOTIC: [2048] mktime() [<a href='function.mktime'>function.mktime</a>]: You should be using the time() function instead CommonAction.class.php 第 110 行.
[ 2014-09-29T15:08:42+08:00 ] /zj906/index.php/ | SQL: SHOW COLUMNS FROM `xt_fck` [ RunTime:0.008041s ]
[ 2014-09-29T15:08:42+08:00 ] /zj906/index.php/ | SQL: SELECT `user_id`,`password`,`user_type` FROM `xt_fck` WHERE ( `id` = '1' ) AND ( `user_id` = '100000' ) LIMIT 1   [ RunTime:0.000402s ]
[ 2014-09-29T15:08:42+08:00 ] /zj906/index.php/ | SQL: SHOW COLUMNS FROM `xt_fee` [ RunTime:0.006137s ]
[ 2014-09-29T15:08:42+08:00 ] /zj906/index.php/ | SQL: SELECT `i3` FROM `xt_fee` WHERE ( `id` = 1 ) LIMIT 1   [ RunTime:0.000307s ]
[ 2014-09-29T15:08:42+08:00 ] /zj906/index.php/ | NOTIC: [8] Undefined index: user_type CommonAction.class.php 第 81 行.
[ 2014-09-29T15:08:42+08:00 ] /zj906/index.php/ | SQL: SHOW COLUMNS FROM `xt_fck` [ RunTime:0.007573s ]
[ 2014-09-29T15:08:42+08:00 ] /zj906/index.php/ | SQL: SELECT * FROM `xt_fck` WHERE ( `id` = '1' ) LIMIT 1   [ RunTime:0.001094s ]
[ 2014-09-29T15:08:42+08:00 ] /zj906/index.php/ | SQL: SELECT * FROM `xt_fee` WHERE ( `id` = 1 ) LIMIT 1   [ RunTime:0.000404s ]
[ 2014-09-29T15:08:42+08:00 ] /zj906/index.php/ | NOTIC: [8] Undefined offset: 1 CommonAction.class.php 第 175 行.
[ 2014-09-29T15:08:42+08:00 ] /zj906/index.php/ | NOTIC: [8] Undefined offset: 2 CommonAction.class.php 第 176 行.
[ 2014-09-29T15:08:42+08:00 ] /zj906/index.php/ | NOTIC: [8] Undefined offset: 3 CommonAction.class.php 第 177 行.
[ 2014-09-29T15:08:42+08:00 ] /zj906/index.php/ | SQL: UPDATE `xt_fck` SET `day_feng`=0,_times=1411920000 WHERE _times !=1411920000 [ RunTime:0.000327s ]
[ 2014-09-29T15:08:42+08:00 ] /zj906/index.php/ | NOTIC: [2] mysql_num_rows() expects parameter 1 to be resource, boolean given DbMysql.class.php 第 132 行.
[ 2014-09-29T15:08:42+08:00 ] /zj906/index.php/ | NOTIC: [2] mysql_free_result() expects parameter 1 to be resource, boolean given DbMysql.class.php 第 97 行.
[ 2014-09-29T15:08:42+08:00 ] /zj906/index.php/ | SQL: SHOW COLUMNS FROM `xt_bonus` [ RunTime:0.004934s ]
[ 2014-09-29T15:08:42+08:00 ] /zj906/index.php/ | NOTIC: [2] trim() expects parameter 1 to be string, array given Db.class.php 第 549 行.
[ 2014-09-29T15:08:42+08:00 ] /zj906/index.php/ | SQL: SELECT SUM(b1) AS tp_sum FROM `xt_bonus` WHERE ( `uid` = '1' ) AND ( (`e_date` > 1411920000) AND (`e_date` < 1412006400)  ) LIMIT 1   [ RunTime:0.000230s ]
[ 2014-09-29T15:08:42+08:00 ] /zj906/index.php/ | NOTIC: [2] trim() expects parameter 1 to be string, array given Db.class.php 第 549 行.
[ 2014-09-29T15:08:42+08:00 ] /zj906/index.php/ | SQL: SELECT SUM(b2) AS tp_sum FROM `xt_bonus` WHERE ( `uid` = '1' ) AND ( (`e_date` > 1411920000) AND (`e_date` < 1412006400)  ) LIMIT 1   [ RunTime:0.000195s ]
[ 2014-09-29T15:08:42+08:00 ] /zj906/index.php/ | NOTIC: [2] trim() expects parameter 1 to be string, array given Db.class.php 第 549 行.
[ 2014-09-29T15:08:42+08:00 ] /zj906/index.php/ | SQL: SELECT SUM(b3) AS tp_sum FROM `xt_bonus` WHERE ( `uid` = '1' ) AND ( (`e_date` > 1411920000) AND (`e_date` < 1412006400)  ) LIMIT 1   [ RunTime:0.000177s ]
[ 2014-09-29T15:08:42+08:00 ] /zj906/index.php/ | NOTIC: [2] trim() expects parameter 1 to be string, array given Db.class.php 第 549 行.
[ 2014-09-29T15:08:42+08:00 ] /zj906/index.php/ | SQL: SELECT SUM(b4) AS tp_sum FROM `xt_bonus` WHERE ( `uid` = '1' ) AND ( (`e_date` > 1411920000) AND (`e_date` < 1412006400)  ) LIMIT 1   [ RunTime:0.000143s ]
[ 2014-09-29T15:08:42+08:00 ] /zj906/index.php/ | NOTIC: [2] trim() expects parameter 1 to be string, array given Db.class.php 第 549 行.
[ 2014-09-29T15:08:42+08:00 ] /zj906/index.php/ | SQL: SELECT SUM(b5) AS tp_sum FROM `xt_bonus` WHERE ( `uid` = '1' ) AND ( (`e_date` > 1411920000) AND (`e_date` < 1412006400)  ) LIMIT 1   [ RunTime:0.000345s ]
[ 2014-09-29T15:08:42+08:00 ] /zj906/index.php/ | NOTIC: [2] trim() expects parameter 1 to be string, array given Db.class.php 第 549 行.
[ 2014-09-29T15:08:42+08:00 ] /zj906/index.php/ | SQL: SELECT SUM(b6) AS tp_sum FROM `xt_bonus` WHERE ( `uid` = '1' ) AND ( (`e_date` > 1411920000) AND (`e_date` < 1412006400)  ) LIMIT 1   [ RunTime:0.000765s ]
[ 2014-09-29T15:08:42+08:00 ] /zj906/index.php/ | SQL: SELECT `s2`,`i4`,`str29` FROM `xt_fee` LIMIT 1   [ RunTime:0.000226s ]
[ 2014-09-29T15:08:42+08:00 ] /zj906/index.php/ | SQL: SHOW COLUMNS FROM `xt_msg` [ RunTime:0.005433s ]
[ 2014-09-29T15:08:42+08:00 ] /zj906/index.php/ | SQL: SELECT COUNT(*) AS tp_count FROM `xt_msg` WHERE ( `isid` = '1' ) AND ( `s_uid` = '1' ) AND ( `is_read` = 0 ) LIMIT 1   [ RunTime:0.000222s ]
[ 2014-09-29T15:08:42+08:00 ] /zj906/index.php/ | SQL: SELECT `prem` FROM `xt_fck` WHERE ( `id` = '1' ) LIMIT 1   [ RunTime:0.000175s ]
[ 2014-09-29T15:08:42+08:00 ] /zj906/index.php/ | SQL: SELECT * FROM `xt_fee` WHERE ( `id` = 1 ) LIMIT 1   [ RunTime:0.000304s ]
[ 2014-09-29T15:08:42+08:00 ] /zj906/index.php/ | NOTIC: [8] Undefined offset: 1 CommonAction.class.php 第 175 行.
[ 2014-09-29T15:08:42+08:00 ] /zj906/index.php/ | NOTIC: [8] Undefined offset: 2 CommonAction.class.php 第 176 行.
[ 2014-09-29T15:08:42+08:00 ] /zj906/index.php/ | NOTIC: [8] Undefined offset: 3 CommonAction.class.php 第 177 行.
[ 2014-09-29T15:08:42+08:00 ] /zj906/index.php/ | SQL: SELECT `s11` FROM `xt_fee` LIMIT 1   [ RunTime:0.000185s ]
[ 2014-09-29T15:08:42+08:00 ] /zj906/index.php/ | SQL: SHOW COLUMNS FROM `xt_fck` [ RunTime:0.007230s ]
[ 2014-09-29T15:08:42+08:00 ] /zj906/index.php/ | SQL: SHOW COLUMNS FROM `xt_xiaof` [ RunTime:0.005496s ]
[ 2014-09-29T15:08:42+08:00 ] /zj906/index.php/ | SQL: SELECT `id`,`user_id`,`agent_cf`,`re_path` FROM `xt_fck` WHERE is_pay>0 and agent_cf>=10  [ RunTime:0.000351s ]
[ 2014-09-29T15:08:42+08:00 ] /zj906/index.php/ | NOTIC: [2] Invalid argument supplied for foreach() IndexAction.class.php 第 145 行.
[ 2014-09-29T15:08:42+08:00 ] /zj906/index.php/ | INFO: Tag[ view_template ] --START--
[ 2014-09-29T15:08:42+08:00 ] /zj906/index.php/ | INFO: Run LocationTemplate Behavior [ RunTime:0.001120s ]
[ 2014-09-29T15:08:42+08:00 ] /zj906/index.php/ | INFO: Tag[ view_template ] --END-- [ RunTime:0.001207s ]
[ 2014-09-29T15:08:42+08:00 ] /zj906/index.php/ | INFO: Tag[ view_parse ] --START--
[ 2014-09-29T15:08:42+08:00 ] /zj906/index.php/ | INFO: Run ParseTemplate Behavior [ RunTime:0.011291s ]
[ 2014-09-29T15:08:42+08:00 ] /zj906/index.php/ | INFO: Tag[ view_parse ] --END-- [ RunTime:0.011387s ]
[ 2014-09-29T15:08:42+08:00 ] /zj906/index.php/ | INFO: Tag[ view_filter ] --START--
[ 2014-09-29T15:08:42+08:00 ] /zj906/index.php/ | INFO: Run ContentReplace Behavior [ RunTime:0.000617s ]
[ 2014-09-29T15:08:42+08:00 ] /zj906/index.php/ | INFO: Run TokenBuild Behavior [ RunTime:0.000721s ]
[ 2014-09-29T15:08:42+08:00 ] /zj906/index.php/ | INFO: Run WriteHtmlCache Behavior [ RunTime:0.000550s ]
[ 2014-09-29T15:08:42+08:00 ] /zj906/index.php/ | INFO: Run ShowRuntime Behavior [ RunTime:0.000668s ]
[ 2014-09-29T15:08:42+08:00 ] /zj906/index.php/ | INFO: Tag[ view_filter ] --END-- [ RunTime:0.002775s ]
[ 2014-09-29T15:08:42+08:00 ] /zj906/index.php/ | INFO: Tag[ view_end ] --START--
[ 2014-09-29T15:08:42+08:00 ] /zj906/index.php/ | INFO: Run ShowPageTrace Behavior [ RunTime:0.000556s ]
[ 2014-09-29T15:08:42+08:00 ] /zj906/index.php/ | INFO: Tag[ view_end ] --END-- [ RunTime:0.000630s ]
[ 2014-09-29T15:08:42+08:00 ] /zj906/index.php/Public/main | INFO: Tag[ route_check ] --START--
[ 2014-09-29T15:08:42+08:00 ] /zj906/index.php/Public/main | INFO: Run CheckRoute Behavior [ RunTime:0.000845s ]
[ 2014-09-29T15:08:42+08:00 ] /zj906/index.php/Public/main | INFO: Tag[ route_check ] --END-- [ RunTime:0.000939s ]
[ 2014-09-29T15:08:42+08:00 ] /zj906/index.php/Public/main | INFO: Tag[ app_begin ] --START--
[ 2014-09-29T15:08:42+08:00 ] /zj906/index.php/Public/main | INFO: Run ReadHtmlCache Behavior [ RunTime:0.000734s ]
[ 2014-09-29T15:08:42+08:00 ] /zj906/index.php/Public/main | INFO: Tag[ app_begin ] --END-- [ RunTime:0.000807s ]
[ 2014-09-29T15:08:42+08:00 ] /zj906/index.php/Public/main | NOTIC: [8] Undefined variable: post CommonAction.class.php 第 152 行.
[ 2014-09-29T15:08:42+08:00 ] /zj906/index.php/Public/main | NOTIC: [2] Invalid argument supplied for foreach() CommonAction.class.php 第 152 行.
[ 2014-09-29T15:08:42+08:00 ] /zj906/index.php/Public/main | NOTIC: [8192] Function eregi() is deprecated CommonAction.class.php 第 160 行.
[ 2014-09-29T15:08:42+08:00 ] /zj906/index.php/Public/main | NOTIC: [2] eregi() expects parameter 2 to be string, array given CommonAction.class.php 第 160 行.
[ 2014-09-29T15:08:42+08:00 ] /zj906/index.php/Public/main | NOTIC: [2048] mktime() [<a href='function.mktime'>function.mktime</a>]: You should be using the time() function instead CommonAction.class.php 第 105 行.
[ 2014-09-29T15:08:42+08:00 ] /zj906/index.php/Public/main | NOTIC: [2048] mktime() [<a href='function.mktime'>function.mktime</a>]: You should be using the time() function instead CommonAction.class.php 第 110 行.
[ 2014-09-29T15:08:42+08:00 ] /zj906/index.php/Public/main | SQL: SHOW COLUMNS FROM `xt_fck` [ RunTime:0.008375s ]
[ 2014-09-29T15:08:42+08:00 ] /zj906/index.php/Public/main | SQL: SELECT `user_id`,`password`,`user_type` FROM `xt_fck` WHERE ( `id` = '1' ) AND ( `user_id` = '100000' ) LIMIT 1   [ RunTime:0.000327s ]
[ 2014-09-29T15:08:42+08:00 ] /zj906/index.php/Public/main | SQL: SHOW COLUMNS FROM `xt_fee` [ RunTime:0.005759s ]
[ 2014-09-29T15:08:42+08:00 ] /zj906/index.php/Public/main | SQL: SELECT `i3` FROM `xt_fee` WHERE ( `id` = 1 ) LIMIT 1   [ RunTime:0.000342s ]
[ 2014-09-29T15:08:42+08:00 ] /zj906/index.php/Public/main | NOTIC: [8] Undefined index: user_type CommonAction.class.php 第 81 行.
[ 2014-09-29T15:08:42+08:00 ] /zj906/index.php/Public/main | SQL: SHOW COLUMNS FROM `xt_bonus` [ RunTime:0.004945s ]
[ 2014-09-29T15:08:42+08:00 ] /zj906/index.php/Public/main | SQL: SELECT * FROM `xt_bonus` WHERE ( `uid` = '1' ) ORDER BY id desc LIMIT 10   [ RunTime:0.000335s ]
[ 2014-09-29T15:08:42+08:00 ] /zj906/index.php/Public/main | SQL: SHOW COLUMNS FROM `xt_form` [ RunTime:0.005551s ]
[ 2014-09-29T15:08:42+08:00 ] /zj906/index.php/Public/main | SQL: SELECT * FROM `xt_form` WHERE ( `status` = 1 ) ORDER BY baile desc,id desc LIMIT 1   [ RunTime:0.000346s ]
[ 2014-09-29T15:08:42+08:00 ] /zj906/index.php/Public/main | SQL: SELECT * FROM `xt_form` WHERE ( `status` = 1 ) ORDER BY baile desc,id desc LIMIT 1,10   [ RunTime:0.000276s ]
[ 2014-09-29T15:08:42+08:00 ] /zj906/index.php/Public/main | SQL: SHOW COLUMNS FROM `xt_product` [ RunTime:0.005406s ]
[ 2014-09-29T15:08:42+08:00 ] /zj906/index.php/Public/main | SQL: SELECT * FROM `xt_product` WHERE ( `yc_cp` = 0 ) ORDER BY id asc LIMIT 12   [ RunTime:0.000389s ]
[ 2014-09-29T15:08:42+08:00 ] /zj906/index.php/Public/main | SQL: SELECT COUNT(*) AS tp_count FROM `xt_fck` WHERE ( `re_id` = '1' ) AND ( `is_pay` = 1 ) LIMIT 1   [ RunTime:0.000234s ]
[ 2014-09-29T15:08:42+08:00 ] /zj906/index.php/Public/main | SQL: SHOW COLUMNS FROM `xt_msg` [ RunTime:0.004529s ]
[ 2014-09-29T15:08:42+08:00 ] /zj906/index.php/Public/main | SQL: SELECT COUNT(*) AS tp_count FROM `xt_msg` WHERE ( `isid` = '1' ) AND ( `s_uid` = '1' ) AND ( `is_read` = 0 ) LIMIT 1   [ RunTime:0.000236s ]
[ 2014-09-29T15:08:42+08:00 ] /zj906/index.php/Public/main | SQL: SELECT * FROM `xt_fck` WHERE id=1 LIMIT 1   [ RunTime:0.000429s ]
[ 2014-09-29T15:08:42+08:00 ] /zj906/index.php/Public/main | SQL: SELECT COUNT(*) AS tp_count FROM `xt_fck` WHERE p_path like "%,1,%" and is_pay>0 LIMIT 1   [ RunTime:0.000169s ]
[ 2014-09-29T15:08:42+08:00 ] /zj906/index.php/Public/main | SQL: SELECT SUM(f4) AS tp_sum FROM `xt_fck` WHERE re_id=1 and is_pay>0 LIMIT 1   [ RunTime:0.000228s ]
[ 2014-09-29T15:08:42+08:00 ] /zj906/index.php/Public/main | SQL: SELECT SUM(f4) AS tp_sum FROM `xt_fck` WHERE p_path like "%,1,%" and is_pay>0 LIMIT 1   [ RunTime:0.000166s ]
[ 2014-09-29T15:08:42+08:00 ] /zj906/index.php/Public/main | SQL: SHOW COLUMNS FROM `xt_xiaof` [ RunTime:0.004561s ]
[ 2014-09-29T15:08:42+08:00 ] /zj906/index.php/Public/main | SQL: SELECT SUM(money_two) AS tp_sum FROM `xt_xiaof` WHERE uid=1 and is_pay=0 and money_two>0 LIMIT 1   [ RunTime:0.000353s ]
[ 2014-09-29T15:08:42+08:00 ] /zj906/index.php/Public/main | SQL: SELECT SUM(money) AS tp_sum FROM `xt_xiaof` WHERE uid=1 and is_pay=0 and money>0 LIMIT 1   [ RunTime:0.000281s ]
[ 2014-09-29T15:08:42+08:00 ] /zj906/index.php/Public/main | SQL: SELECT `str21`,`str22`,`str23` FROM `xt_fee` LIMIT 1   [ RunTime:0.000271s ]
[ 2014-09-29T15:08:42+08:00 ] /zj906/index.php/Public/main | SQL: SELECT * FROM `xt_form` WHERE ( `status` = 1 ) ORDER BY baile desc,id desc LIMIT 10   [ RunTime:0.000275s ]
[ 2014-09-29T15:08:42+08:00 ] /zj906/index.php/Public/main | SQL: SELECT * FROM `xt_form` WHERE ( `status` = 1 ) ORDER BY baile desc,id desc LIMIT 3   [ RunTime:0.000221s ]
[ 2014-09-29T15:08:42+08:00 ] /zj906/index.php/Public/main | INFO: Tag[ view_template ] --START--
[ 2014-09-29T15:08:42+08:00 ] /zj906/index.php/Public/main | INFO: Run LocationTemplate Behavior [ RunTime:0.001113s ]
[ 2014-09-29T15:08:42+08:00 ] /zj906/index.php/Public/main | INFO: Tag[ view_template ] --END-- [ RunTime:0.001199s ]
[ 2014-09-29T15:08:42+08:00 ] /zj906/index.php/Public/main | INFO: Tag[ view_parse ] --START--
[ 2014-09-29T15:08:42+08:00 ] /zj906/index.php/Public/main | SQL: SELECT * FROM `xt_fck` WHERE user_id='100000' LIMIT 1   [ RunTime:0.000536s ]
[ 2014-09-29T15:08:42+08:00 ] /zj906/index.php/Public/main | NOTIC: [8] Undefined index: agent_xianjin df847308fbeec079fead8f934f8fb1d9.php 第 73 行.
[ 2014-09-29T15:08:42+08:00 ] /zj906/index.php/Public/main | NOTIC: [8] Undefined index: live_gupiao df847308fbeec079fead8f934f8fb1d9.php 第 76 行.
[ 2014-09-29T15:08:42+08:00 ] /zj906/index.php/Public/main | NOTIC: [8] Undefined index: yuan_gupiao df847308fbeec079fead8f934f8fb1d9.php 第 79 行.
[ 2014-09-29T15:08:42+08:00 ] /zj906/index.php/Public/main | NOTIC: [8] Undefined variable: voo df847308fbeec079fead8f934f8fb1d9.php 第 156 行.
[ 2014-09-29T15:08:42+08:00 ] /zj906/index.php/Public/main | NOTIC: [8] Undefined variable: all_money df847308fbeec079fead8f934f8fb1d9.php 第 170 行.
[ 2014-09-29T15:08:42+08:00 ] /zj906/index.php/Public/main | NOTIC: [8] Undefined variable: server df847308fbeec079fead8f934f8fb1d9.php 第 174 行.
[ 2014-09-29T15:08:42+08:00 ] /zj906/index.php/Public/main | NOTIC: [8] Undefined variable: server df847308fbeec079fead8f934f8fb1d9.php 第 174 行.
[ 2014-09-29T15:08:42+08:00 ] /zj906/index.php/Public/main | INFO: Run ParseTemplate Behavior [ RunTime:0.019982s ]
[ 2014-09-29T15:08:42+08:00 ] /zj906/index.php/Public/main | INFO: Tag[ view_parse ] --END-- [ RunTime:0.020059s ]
[ 2014-09-29T15:08:42+08:00 ] /zj906/index.php/Public/main | INFO: Tag[ view_filter ] --START--
[ 2014-09-29T15:08:42+08:00 ] /zj906/index.php/Public/main | INFO: Run ContentReplace Behavior [ RunTime:0.000797s ]
[ 2014-09-29T15:08:42+08:00 ] /zj906/index.php/Public/main | INFO: Run TokenBuild Behavior [ RunTime:0.000647s ]
[ 2014-09-29T15:08:42+08:00 ] /zj906/index.php/Public/main | INFO: Run WriteHtmlCache Behavior [ RunTime:0.000428s ]
[ 2014-09-29T15:08:42+08:00 ] /zj906/index.php/Public/main | INFO: Run ShowRuntime Behavior [ RunTime:0.000644s ]
[ 2014-09-29T15:08:42+08:00 ] /zj906/index.php/Public/main | INFO: Tag[ view_filter ] --END-- [ RunTime:0.002729s ]
[ 2014-09-29T15:08:42+08:00 ] /zj906/index.php/Public/main | INFO: Tag[ view_end ] --START--
[ 2014-09-29T15:08:42+08:00 ] /zj906/index.php/Public/main | INFO: Run ShowPageTrace Behavior [ RunTime:0.000553s ]
[ 2014-09-29T15:08:42+08:00 ] /zj906/index.php/Public/main | INFO: Tag[ view_end ] --END-- [ RunTime:0.000625s ]
